state 0 //

    0 $accept: . timespec

    DAILY      shift, and goto state 9
    EVERY      shift, and goto state 8
    FRIDAY     shift, and goto state 17
    HOURLY     shift, and goto state 7
    MONDAY     shift, and goto state 13
    MONTHLY    shift, and goto state 19
    ORDINAL    shift, and goto state 20
    SATURDAY   shift, and goto state 18
    SUNDAY     shift, and goto state 12
    THURSDAY   shift, and goto state 16
    TUESDAY    shift, and goto state 14
    WEDNESDAY  shift, and goto state 15
    WEEKLY     shift, and goto state 10

    daily_spec    goto state 4
    day_name      goto state 11
    hourly_spec   goto state 3
    monthly_spec  goto state 6
    spec          goto state 2
    timespec      goto state 1
    weekly_spec   goto state 5

state 1 // HOURLY NUMBER [$end]

    0 $accept: timespec .  [$end]

    $end  accept

state 2 // HOURLY NUMBER [$end]

    1 timespec: spec .  [$end]

    $end  reduce using rule 1 (timespec)

state 3 // HOURLY NUMBER [$end]

    2 spec: hourly_spec .  [$end]

    $end  reduce using rule 2 (spec)

state 4 // DAILY NUMBER AM [$end]

    3 spec: daily_spec .  [$end]

    $end  reduce using rule 3 (spec)

state 5 // FRIDAY NUMBER AM [$end]

    4 spec: weekly_spec .  [$end]

    $end  reduce using rule 4 (spec)

state 6 // MONTHLY NUMBER AM NUMBER [$end]

    5 spec: monthly_spec .  [$end]

    $end  reduce using rule 5 (spec)

state 7 // HOURLY

    6 hourly_spec: HOURLY . AT time_in_MM
    7 hourly_spec: HOURLY . time_in_MM
   17 anyhour: .  [':']

    '*'      shift, and goto state 79
    ':'      reduce using rule 17 (anyhour)
    'H'      shift, and goto state 76
    'X'      shift, and goto state 78
    'h'      shift, and goto state 75
    'x'      shift, and goto state 77
    AT       shift, and goto state 96
    HALF     shift, and goto state 81
    NUMBER   shift, and goto state 82
    QUARTER  shift, and goto state 80

    anyhour     goto state 83
    minutes     goto state 84
    time_in_MM  goto state 97

state 8 // EVERY

    8 hourly_spec: EVERY . QUARTER HOUR FROM time_in_MM
    9 hourly_spec: EVERY . HALF HOUR FROM time_in_MM
   10 hourly_spec: EVERY . HOUR AT time_in_MM
   11 hourly_spec: EVERY . HOUR time_in_MM
   12 hourly_spec: EVERY . NUMBER HOUR FROM time_in_HHMM
   15 daily_spec: EVERY . DAY AT time_in_HHMM
   16 daily_spec: EVERY . DAY time_in_HHMM

    DAY      shift, and goto state 66
    HALF     shift, and goto state 63
    HOUR     shift, and goto state 64
    NUMBER   shift, and goto state 65
    QUARTER  shift, and goto state 62

state 9 // DAILY

   13 daily_spec: DAILY . AT time_in_HHMM
   14 daily_spec: DAILY . time_in_HHMM

    AT      shift, and goto state 59
    NUMBER  shift, and goto state 22

    time_in_HHMM  goto state 60

state 10 // WEEKLY

   35 weekly_spec: WEEKLY . AT time_in_HHMM ON day_name
   36 weekly_spec: WEEKLY . time_in_HHMM ON day_name
   37 weekly_spec: WEEKLY . AT time_in_HHMM day_name
   38 weekly_spec: WEEKLY . time_in_HHMM day_name

    AT      shift, and goto state 50
    NUMBER  shift, and goto state 22

    time_in_HHMM  goto state 51

state 11 // FRIDAY [AT]

   39 weekly_spec: day_name . AT time_in_HHMM
   40 weekly_spec: day_name . time_in_HHMM

    AT      shift, and goto state 47
    NUMBER  shift, and goto state 22

    time_in_HHMM  goto state 48

state 12 // SUNDAY

   43 day_name: SUNDAY .  [$end, AT, NUMBER]

    $end    reduce using rule 43 (day_name)
    AT      reduce using rule 43 (day_name)
    NUMBER  reduce using rule 43 (day_name)

state 13 // MONDAY

   44 day_name: MONDAY .  [$end, AT, NUMBER]

    $end    reduce using rule 44 (day_name)
    AT      reduce using rule 44 (day_name)
    NUMBER  reduce using rule 44 (day_name)

state 14 // TUESDAY

   45 day_name: TUESDAY .  [$end, AT, NUMBER]

    $end    reduce using rule 45 (day_name)
    AT      reduce using rule 45 (day_name)
    NUMBER  reduce using rule 45 (day_name)

state 15 // WEDNESDAY

   46 day_name: WEDNESDAY .  [$end, AT, NUMBER]

    $end    reduce using rule 46 (day_name)
    AT      reduce using rule 46 (day_name)
    NUMBER  reduce using rule 46 (day_name)

state 16 // THURSDAY

   47 day_name: THURSDAY .  [$end, AT, NUMBER]

    $end    reduce using rule 47 (day_name)
    AT      reduce using rule 47 (day_name)
    NUMBER  reduce using rule 47 (day_name)

state 17 // FRIDAY

   48 day_name: FRIDAY .  [$end, AT, NUMBER]

    $end    reduce using rule 48 (day_name)
    AT      reduce using rule 48 (day_name)
    NUMBER  reduce using rule 48 (day_name)

state 18 // SATURDAY

   49 day_name: SATURDAY .  [$end, AT, NUMBER]

    $end    reduce using rule 49 (day_name)
    AT      reduce using rule 49 (day_name)
    NUMBER  reduce using rule 49 (day_name)

state 19 // MONTHLY

   50 monthly_spec: MONTHLY . AT time_in_HHMM ON month_day
   51 monthly_spec: MONTHLY . time_in_HHMM ON month_day
   52 monthly_spec: MONTHLY . AT time_in_HHMM month_day
   53 monthly_spec: MONTHLY . time_in_HHMM month_day

    AT      shift, and goto state 36
    NUMBER  shift, and goto state 22

    time_in_HHMM  goto state 37

state 20 // ORDINAL

   54 monthly_spec: ORDINAL . day_name AT time_in_HHMM
   55 monthly_spec: ORDINAL . day_name time_in_HHMM

    FRIDAY     shift, and goto state 17
    MONDAY     shift, and goto state 13
    SATURDAY   shift, and goto state 18
    SUNDAY     shift, and goto state 12
    THURSDAY   shift, and goto state 16
    TUESDAY    shift, and goto state 14
    WEDNESDAY  shift, and goto state 15

    day_name  goto state 21

state 21 // ORDINAL FRIDAY [AT]

   54 monthly_spec: ORDINAL day_name . AT time_in_HHMM
   55 monthly_spec: ORDINAL day_name . time_in_HHMM

    AT      shift, and goto state 23
    NUMBER  shift, and goto state 22

    time_in_HHMM  goto state 24

state 22 // MONTHLY NUMBER

   30 time_in_HHMM: NUMBER . ':' NUMBER
   31 time_in_HHMM: NUMBER . ':' NUMBER am_or_pm
   32 time_in_HHMM: NUMBER . ':' NUMBER ' ' am_or_pm
   33 time_in_HHMM: NUMBER . am_or_pm
   34 time_in_HHMM: NUMBER . ' ' am_or_pm

    ' '  shift, and goto state 28
    ':'  shift, and goto state 26
    AM   shift, and goto state 29
    PM   shift, and goto state 30

    am_or_pm  goto state 27

state 23 // ORDINAL FRIDAY AT

   54 monthly_spec: ORDINAL day_name AT . time_in_HHMM

    NUMBER  shift, and goto state 22

    time_in_HHMM  goto state 25

state 24 // ORDINAL FRIDAY NUMBER AM [$end]

   55 monthly_spec: ORDINAL day_name time_in_HHMM .  [$end]

    $end  reduce using rule 55 (monthly_spec)

state 25 // ORDINAL FRIDAY AT NUMBER AM [$end]

   54 monthly_spec: ORDINAL day_name AT time_in_HHMM .  [$end]

    $end  reduce using rule 54 (monthly_spec)

state 26 // MONTHLY NUMBER ':'

   30 time_in_HHMM: NUMBER ':' . NUMBER
   31 time_in_HHMM: NUMBER ':' . NUMBER am_or_pm
   32 time_in_HHMM: NUMBER ':' . NUMBER ' ' am_or_pm

    NUMBER  shift, and goto state 32

state 27 // MONTHLY NUMBER AM [$end]

   33 time_in_HHMM: NUMBER am_or_pm .  [$end, FRIDAY, MONDAY, NUMBER, ON, ORDINAL, SATURDAY, SUNDAY, THURSDAY, TUESDAY, WEDNESDAY]

    $end       reduce using rule 33 (time_in_HHMM)
    FRIDAY     reduce using rule 33 (time_in_HHMM)
    MONDAY     reduce using rule 33 (time_in_HHMM)
    NUMBER     reduce using rule 33 (time_in_HHMM)
    ON         reduce using rule 33 (time_in_HHMM)
    ORDINAL    reduce using rule 33 (time_in_HHMM)
    SATURDAY   reduce using rule 33 (time_in_HHMM)
    SUNDAY     reduce using rule 33 (time_in_HHMM)
    THURSDAY   reduce using rule 33 (time_in_HHMM)
    TUESDAY    reduce using rule 33 (time_in_HHMM)
    WEDNESDAY  reduce using rule 33 (time_in_HHMM)

state 28 // MONTHLY NUMBER ' '

   34 time_in_HHMM: NUMBER ' ' . am_or_pm

    AM  shift, and goto state 29
    PM  shift, and goto state 30

    am_or_pm  goto state 31

state 29 // MONTHLY NUMBER AM

   41 am_or_pm: AM .  [$end, FRIDAY, MONDAY, NUMBER, ON, ORDINAL, SATURDAY, SUNDAY, THURSDAY, TUESDAY, WEDNESDAY]

    $end       reduce using rule 41 (am_or_pm)
    FRIDAY     reduce using rule 41 (am_or_pm)
    MONDAY     reduce using rule 41 (am_or_pm)
    NUMBER     reduce using rule 41 (am_or_pm)
    ON         reduce using rule 41 (am_or_pm)
    ORDINAL    reduce using rule 41 (am_or_pm)
    SATURDAY   reduce using rule 41 (am_or_pm)
    SUNDAY     reduce using rule 41 (am_or_pm)
    THURSDAY   reduce using rule 41 (am_or_pm)
    TUESDAY    reduce using rule 41 (am_or_pm)
    WEDNESDAY  reduce using rule 41 (am_or_pm)

state 30 // MONTHLY NUMBER PM

   42 am_or_pm: PM .  [$end, FRIDAY, MONDAY, NUMBER, ON, ORDINAL, SATURDAY, SUNDAY, THURSDAY, TUESDAY, WEDNESDAY]

    $end       reduce using rule 42 (am_or_pm)
    FRIDAY     reduce using rule 42 (am_or_pm)
    MONDAY     reduce using rule 42 (am_or_pm)
    NUMBER     reduce using rule 42 (am_or_pm)
    ON         reduce using rule 42 (am_or_pm)
    ORDINAL    reduce using rule 42 (am_or_pm)
    SATURDAY   reduce using rule 42 (am_or_pm)
    SUNDAY     reduce using rule 42 (am_or_pm)
    THURSDAY   reduce using rule 42 (am_or_pm)
    TUESDAY    reduce using rule 42 (am_or_pm)
    WEDNESDAY  reduce using rule 42 (am_or_pm)

state 31 // MONTHLY NUMBER ' ' AM [$end]

   34 time_in_HHMM: NUMBER ' ' am_or_pm .  [$end, FRIDAY, MONDAY, NUMBER, ON, ORDINAL, SATURDAY, SUNDAY, THURSDAY, TUESDAY, WEDNESDAY]

    $end       reduce using rule 34 (time_in_HHMM)
    FRIDAY     reduce using rule 34 (time_in_HHMM)
    MONDAY     reduce using rule 34 (time_in_HHMM)
    NUMBER     reduce using rule 34 (time_in_HHMM)
    ON         reduce using rule 34 (time_in_HHMM)
    ORDINAL    reduce using rule 34 (time_in_HHMM)
    SATURDAY   reduce using rule 34 (time_in_HHMM)
    SUNDAY     reduce using rule 34 (time_in_HHMM)
    THURSDAY   reduce using rule 34 (time_in_HHMM)
    TUESDAY    reduce using rule 34 (time_in_HHMM)
    WEDNESDAY  reduce using rule 34 (time_in_HHMM)

state 32 // MONTHLY NUMBER ':' NUMBER

   30 time_in_HHMM: NUMBER ':' NUMBER .  [$end, FRIDAY, MONDAY, NUMBER, ON, ORDINAL, SATURDAY, SUNDAY, THURSDAY, TUESDAY, WEDNESDAY]
   31 time_in_HHMM: NUMBER ':' NUMBER . am_or_pm
   32 time_in_HHMM: NUMBER ':' NUMBER . ' ' am_or_pm

    $end       reduce using rule 30 (time_in_HHMM)
    ' '        shift, and goto state 34
    AM         shift, and goto state 29
    FRIDAY     reduce using rule 30 (time_in_HHMM)
    MONDAY     reduce using rule 30 (time_in_HHMM)
    NUMBER     reduce using rule 30 (time_in_HHMM)
    ON         reduce using rule 30 (time_in_HHMM)
    ORDINAL    reduce using rule 30 (time_in_HHMM)
    PM         shift, and goto state 30
    SATURDAY   reduce using rule 30 (time_in_HHMM)
    SUNDAY     reduce using rule 30 (time_in_HHMM)
    THURSDAY   reduce using rule 30 (time_in_HHMM)
    TUESDAY    reduce using rule 30 (time_in_HHMM)
    WEDNESDAY  reduce using rule 30 (time_in_HHMM)

    am_or_pm  goto state 33

state 33 // MONTHLY NUMBER ':' NUMBER AM [$end]

   31 time_in_HHMM: NUMBER ':' NUMBER am_or_pm .  [$end, FRIDAY, MONDAY, NUMBER, ON, ORDINAL, SATURDAY, SUNDAY, THURSDAY, TUESDAY, WEDNESDAY]

    $end       reduce using rule 31 (time_in_HHMM)
    FRIDAY     reduce using rule 31 (time_in_HHMM)
    MONDAY     reduce using rule 31 (time_in_HHMM)
    NUMBER     reduce using rule 31 (time_in_HHMM)
    ON         reduce using rule 31 (time_in_HHMM)
    ORDINAL    reduce using rule 31 (time_in_HHMM)
    SATURDAY   reduce using rule 31 (time_in_HHMM)
    SUNDAY     reduce using rule 31 (time_in_HHMM)
    THURSDAY   reduce using rule 31 (time_in_HHMM)
    TUESDAY    reduce using rule 31 (time_in_HHMM)
    WEDNESDAY  reduce using rule 31 (time_in_HHMM)

state 34 // MONTHLY NUMBER ':' NUMBER ' '

   32 time_in_HHMM: NUMBER ':' NUMBER ' ' . am_or_pm

    AM  shift, and goto state 29
    PM  shift, and goto state 30

    am_or_pm  goto state 35

state 35 // MONTHLY NUMBER ':' NUMBER ' ' AM [$end]

   32 time_in_HHMM: NUMBER ':' NUMBER ' ' am_or_pm .  [$end, FRIDAY, MONDAY, NUMBER, ON, ORDINAL, SATURDAY, SUNDAY, THURSDAY, TUESDAY, WEDNESDAY]

    $end       reduce using rule 32 (time_in_HHMM)
    FRIDAY     reduce using rule 32 (time_in_HHMM)
    MONDAY     reduce using rule 32 (time_in_HHMM)
    NUMBER     reduce using rule 32 (time_in_HHMM)
    ON         reduce using rule 32 (time_in_HHMM)
    ORDINAL    reduce using rule 32 (time_in_HHMM)
    SATURDAY   reduce using rule 32 (time_in_HHMM)
    SUNDAY     reduce using rule 32 (time_in_HHMM)
    THURSDAY   reduce using rule 32 (time_in_HHMM)
    TUESDAY    reduce using rule 32 (time_in_HHMM)
    WEDNESDAY  reduce using rule 32 (time_in_HHMM)

state 36 // MONTHLY AT

   50 monthly_spec: MONTHLY AT . time_in_HHMM ON month_day
   52 monthly_spec: MONTHLY AT . time_in_HHMM month_day

    NUMBER  shift, and goto state 22

    time_in_HHMM  goto state 43

state 37 // MONTHLY NUMBER AM [NUMBER]

   51 monthly_spec: MONTHLY time_in_HHMM . ON month_day
   53 monthly_spec: MONTHLY time_in_HHMM . month_day

    NUMBER   shift, and goto state 41
    ON       shift, and goto state 38
    ORDINAL  shift, and goto state 40

    month_day  goto state 39

state 38 // MONTHLY NUMBER AM ON

   51 monthly_spec: MONTHLY time_in_HHMM ON . month_day

    NUMBER   shift, and goto state 41
    ORDINAL  shift, and goto state 40

    month_day  goto state 42

state 39 // MONTHLY NUMBER AM NUMBER [$end]

   53 monthly_spec: MONTHLY time_in_HHMM month_day .  [$end]

    $end  reduce using rule 53 (monthly_spec)

state 40 // MONTHLY NUMBER AM ORDINAL

   56 month_day: ORDINAL .  [$end]

    $end  reduce using rule 56 (month_day)

state 41 // MONTHLY NUMBER AM NUMBER

   57 month_day: NUMBER .  [$end]

    $end  reduce using rule 57 (month_day)

state 42 // MONTHLY NUMBER AM ON NUMBER [$end]

   51 monthly_spec: MONTHLY time_in_HHMM ON month_day .  [$end]

    $end  reduce using rule 51 (monthly_spec)

state 43 // MONTHLY AT NUMBER AM [NUMBER]

   50 monthly_spec: MONTHLY AT time_in_HHMM . ON month_day
   52 monthly_spec: MONTHLY AT time_in_HHMM . month_day

    NUMBER   shift, and goto state 41
    ON       shift, and goto state 44
    ORDINAL  shift, and goto state 40

    month_day  goto state 45

state 44 // MONTHLY AT NUMBER AM ON

   50 monthly_spec: MONTHLY AT time_in_HHMM ON . month_day

    NUMBER   shift, and goto state 41
    ORDINAL  shift, and goto state 40

    month_day  goto state 46

state 45 // MONTHLY AT NUMBER AM NUMBER [$end]

   52 monthly_spec: MONTHLY AT time_in_HHMM month_day .  [$end]

    $end  reduce using rule 52 (monthly_spec)

state 46 // MONTHLY AT NUMBER AM ON NUMBER [$end]

   50 monthly_spec: MONTHLY AT time_in_HHMM ON month_day .  [$end]

    $end  reduce using rule 50 (monthly_spec)

state 47 // FRIDAY AT

   39 weekly_spec: day_name AT . time_in_HHMM

    NUMBER  shift, and goto state 22

    time_in_HHMM  goto state 49

state 48 // FRIDAY NUMBER AM [$end]

   40 weekly_spec: day_name time_in_HHMM .  [$end]

    $end  reduce using rule 40 (weekly_spec)

state 49 // FRIDAY AT NUMBER AM [$end]

   39 weekly_spec: day_name AT time_in_HHMM .  [$end]

    $end  reduce using rule 39 (weekly_spec)

state 50 // WEEKLY AT

   35 weekly_spec: WEEKLY AT . time_in_HHMM ON day_name
   37 weekly_spec: WEEKLY AT . time_in_HHMM day_name

    NUMBER  shift, and goto state 22

    time_in_HHMM  goto state 55

state 51 // WEEKLY NUMBER AM [FRIDAY]

   36 weekly_spec: WEEKLY time_in_HHMM . ON day_name
   38 weekly_spec: WEEKLY time_in_HHMM . day_name

    FRIDAY     shift, and goto state 17
    MONDAY     shift, and goto state 13
    ON         shift, and goto state 52
    SATURDAY   shift, and goto state 18
    SUNDAY     shift, and goto state 12
    THURSDAY   shift, and goto state 16
    TUESDAY    shift, and goto state 14
    WEDNESDAY  shift, and goto state 15

    day_name  goto state 53

state 52 // WEEKLY NUMBER AM ON

   36 weekly_spec: WEEKLY time_in_HHMM ON . day_name

    FRIDAY     shift, and goto state 17
    MONDAY     shift, and goto state 13
    SATURDAY   shift, and goto state 18
    SUNDAY     shift, and goto state 12
    THURSDAY   shift, and goto state 16
    TUESDAY    shift, and goto state 14
    WEDNESDAY  shift, and goto state 15

    day_name  goto state 54

state 53 // WEEKLY NUMBER AM FRIDAY [$end]

   38 weekly_spec: WEEKLY time_in_HHMM day_name .  [$end]

    $end  reduce using rule 38 (weekly_spec)

state 54 // WEEKLY NUMBER AM ON FRIDAY [$end]

   36 weekly_spec: WEEKLY time_in_HHMM ON day_name .  [$end]

    $end  reduce using rule 36 (weekly_spec)

state 55 // WEEKLY AT NUMBER AM [FRIDAY]

   35 weekly_spec: WEEKLY AT time_in_HHMM . ON day_name
   37 weekly_spec: WEEKLY AT time_in_HHMM . day_name

    FRIDAY     shift, and goto state 17
    MONDAY     shift, and goto state 13
    ON         shift, and goto state 56
    SATURDAY   shift, and goto state 18
    SUNDAY     shift, and goto state 12
    THURSDAY   shift, and goto state 16
    TUESDAY    shift, and goto state 14
    WEDNESDAY  shift, and goto state 15

    day_name  goto state 57

state 56 // WEEKLY AT NUMBER AM ON

   35 weekly_spec: WEEKLY AT time_in_HHMM ON . day_name

    FRIDAY     shift, and goto state 17
    MONDAY     shift, and goto state 13
    SATURDAY   shift, and goto state 18
    SUNDAY     shift, and goto state 12
    THURSDAY   shift, and goto state 16
    TUESDAY    shift, and goto state 14
    WEDNESDAY  shift, and goto state 15

    day_name  goto state 58

state 57 // WEEKLY AT NUMBER AM FRIDAY [$end]

   37 weekly_spec: WEEKLY AT time_in_HHMM day_name .  [$end]

    $end  reduce using rule 37 (weekly_spec)

state 58 // WEEKLY AT NUMBER AM ON FRIDAY [$end]

   35 weekly_spec: WEEKLY AT time_in_HHMM ON day_name .  [$end]

    $end  reduce using rule 35 (weekly_spec)

state 59 // DAILY AT

   13 daily_spec: DAILY AT . time_in_HHMM

    NUMBER  shift, and goto state 22

    time_in_HHMM  goto state 61

state 60 // DAILY NUMBER AM [$end]

   14 daily_spec: DAILY time_in_HHMM .  [$end]

    $end  reduce using rule 14 (daily_spec)

state 61 // DAILY AT NUMBER AM [$end]

   13 daily_spec: DAILY AT time_in_HHMM .  [$end]

    $end  reduce using rule 13 (daily_spec)

state 62 // EVERY QUARTER

    8 hourly_spec: EVERY QUARTER . HOUR FROM time_in_MM

    HOUR  shift, and goto state 93

state 63 // EVERY HALF

    9 hourly_spec: EVERY HALF . HOUR FROM time_in_MM

    HOUR  shift, and goto state 90

state 64 // EVERY HOUR

   10 hourly_spec: EVERY HOUR . AT time_in_MM
   11 hourly_spec: EVERY HOUR . time_in_MM
   17 anyhour: .  [':']

    '*'      shift, and goto state 79
    ':'      reduce using rule 17 (anyhour)
    'H'      shift, and goto state 76
    'X'      shift, and goto state 78
    'h'      shift, and goto state 75
    'x'      shift, and goto state 77
    AT       shift, and goto state 73
    HALF     shift, and goto state 81
    NUMBER   shift, and goto state 82
    QUARTER  shift, and goto state 80

    anyhour     goto state 83
    minutes     goto state 84
    time_in_MM  goto state 74

state 65 // EVERY NUMBER

   12 hourly_spec: EVERY NUMBER . HOUR FROM time_in_HHMM

    HOUR  shift, and goto state 70

state 66 // EVERY DAY

   15 daily_spec: EVERY DAY . AT time_in_HHMM
   16 daily_spec: EVERY DAY . time_in_HHMM

    AT      shift, and goto state 67
    NUMBER  shift, and goto state 22

    time_in_HHMM  goto state 68

state 67 // EVERY DAY AT

   15 daily_spec: EVERY DAY AT . time_in_HHMM

    NUMBER  shift, and goto state 22

    time_in_HHMM  goto state 69

state 68 // EVERY DAY NUMBER AM [$end]

   16 daily_spec: EVERY DAY time_in_HHMM .  [$end]

    $end  reduce using rule 16 (daily_spec)

state 69 // EVERY DAY AT NUMBER AM [$end]

   15 daily_spec: EVERY DAY AT time_in_HHMM .  [$end]

    $end  reduce using rule 15 (daily_spec)

state 70 // EVERY NUMBER HOUR

   12 hourly_spec: EVERY NUMBER HOUR . FROM time_in_HHMM

    FROM  shift, and goto state 71

state 71 // EVERY NUMBER HOUR FROM

   12 hourly_spec: EVERY NUMBER HOUR FROM . time_in_HHMM

    NUMBER  shift, and goto state 22

    time_in_HHMM  goto state 72

state 72 // EVERY NUMBER HOUR FROM NUMBER AM [$end]

   12 hourly_spec: EVERY NUMBER HOUR FROM time_in_HHMM .  [$end]

    $end  reduce using rule 12 (hourly_spec)

state 73 // EVERY HOUR AT

   10 hourly_spec: EVERY HOUR AT . time_in_MM
   17 anyhour: .  [':']

    '*'      shift, and goto state 79
    ':'      reduce using rule 17 (anyhour)
    'H'      shift, and goto state 76
    'X'      shift, and goto state 78
    'h'      shift, and goto state 75
    'x'      shift, and goto state 77
    HALF     shift, and goto state 81
    NUMBER   shift, and goto state 82
    QUARTER  shift, and goto state 80

    anyhour     goto state 83
    minutes     goto state 84
    time_in_MM  goto state 89

state 74 // EVERY HOUR NUMBER [$end]

   11 hourly_spec: EVERY HOUR time_in_MM .  [$end]

    $end  reduce using rule 11 (hourly_spec)

state 75 // HOURLY 'h'

   18 anyhour: 'h' .  [':']

    ':'  reduce using rule 18 (anyhour)

state 76 // HOURLY 'H'

   19 anyhour: 'H' .  [':']

    ':'  reduce using rule 19 (anyhour)

state 77 // HOURLY 'x'

   20 anyhour: 'x' .  [':']

    ':'  reduce using rule 20 (anyhour)

state 78 // HOURLY 'X'

   21 anyhour: 'X' .  [':']

    ':'  reduce using rule 21 (anyhour)

state 79 // HOURLY '*'

   22 anyhour: '*' .  [':']

    ':'  reduce using rule 22 (anyhour)

state 80 // HOURLY QUARTER

   23 minutes: QUARTER .  [AFTER, TIL]

    AFTER  reduce using rule 23 (minutes)
    TIL    reduce using rule 23 (minutes)

state 81 // HOURLY HALF

   24 minutes: HALF .  [AFTER, TIL]

    AFTER  reduce using rule 24 (minutes)
    TIL    reduce using rule 24 (minutes)

state 82 // HOURLY NUMBER

   25 minutes: NUMBER .  [AFTER, TIL]
   27 time_in_MM: NUMBER .  [$end]

    $end   reduce using rule 27 (time_in_MM)
    AFTER  reduce using rule 25 (minutes)
    TIL    reduce using rule 25 (minutes)

state 83 // HOURLY [':']

   26 time_in_MM: anyhour . ':' NUMBER

    ':'  shift, and goto state 87

state 84 // HOURLY HALF [AFTER]

   28 time_in_MM: minutes . AFTER
   29 time_in_MM: minutes . TIL

    AFTER  shift, and goto state 85
    TIL    shift, and goto state 86

state 85 // HOURLY HALF AFTER

   28 time_in_MM: minutes AFTER .  [$end]

    $end  reduce using rule 28 (time_in_MM)

state 86 // HOURLY HALF TIL

   29 time_in_MM: minutes TIL .  [$end]

    $end  reduce using rule 29 (time_in_MM)

state 87 // HOURLY ':'

   26 time_in_MM: anyhour ':' . NUMBER

    NUMBER  shift, and goto state 88

state 88 // HOURLY ':' NUMBER

   26 time_in_MM: anyhour ':' NUMBER .  [$end]

    $end  reduce using rule 26 (time_in_MM)

state 89 // EVERY HOUR AT NUMBER [$end]

   10 hourly_spec: EVERY HOUR AT time_in_MM .  [$end]

    $end  reduce using rule 10 (hourly_spec)

state 90 // EVERY HALF HOUR

    9 hourly_spec: EVERY HALF HOUR . FROM time_in_MM

    FROM  shift, and goto state 91

state 91 // EVERY HALF HOUR FROM

    9 hourly_spec: EVERY HALF HOUR FROM . time_in_MM
   17 anyhour: .  [':']

    '*'      shift, and goto state 79
    ':'      reduce using rule 17 (anyhour)
    'H'      shift, and goto state 76
    'X'      shift, and goto state 78
    'h'      shift, and goto state 75
    'x'      shift, and goto state 77
    HALF     shift, and goto state 81
    NUMBER   shift, and goto state 82
    QUARTER  shift, and goto state 80

    anyhour     goto state 83
    minutes     goto state 84
    time_in_MM  goto state 92

state 92 // EVERY HALF HOUR FROM NUMBER [$end]

    9 hourly_spec: EVERY HALF HOUR FROM time_in_MM .  [$end]

    $end  reduce using rule 9 (hourly_spec)

state 93 // EVERY QUARTER HOUR

    8 hourly_spec: EVERY QUARTER HOUR . FROM time_in_MM

    FROM  shift, and goto state 94

state 94 // EVERY QUARTER HOUR FROM

    8 hourly_spec: EVERY QUARTER HOUR FROM . time_in_MM
   17 anyhour: .  [':']

    '*'      shift, and goto state 79
    ':'      reduce using rule 17 (anyhour)
    'H'      shift, and goto state 76
    'X'      shift, and goto state 78
    'h'      shift, and goto state 75
    'x'      shift, and goto state 77
    HALF     shift, and goto state 81
    NUMBER   shift, and goto state 82
    QUARTER  shift, and goto state 80

    anyhour     goto state 83
    minutes     goto state 84
    time_in_MM  goto state 95

state 95 // EVERY QUARTER HOUR FROM NUMBER [$end]

    8 hourly_spec: EVERY QUARTER HOUR FROM time_in_MM .  [$end]

    $end  reduce using rule 8 (hourly_spec)

state 96 // HOURLY AT

    6 hourly_spec: HOURLY AT . time_in_MM
   17 anyhour: .  [':']

    '*'      shift, and goto state 79
    ':'      reduce using rule 17 (anyhour)
    'H'      shift, and goto state 76
    'X'      shift, and goto state 78
    'h'      shift, and goto state 75
    'x'      shift, and goto state 77
    HALF     shift, and goto state 81
    NUMBER   shift, and goto state 82
    QUARTER  shift, and goto state 80

    anyhour     goto state 83
    minutes     goto state 84
    time_in_MM  goto state 98

state 97 // HOURLY NUMBER [$end]

    7 hourly_spec: HOURLY time_in_MM .  [$end]

    $end  reduce using rule 7 (hourly_spec)

state 98 // HOURLY AT NUMBER [$end]

    6 hourly_spec: HOURLY AT time_in_MM .  [$end]

    $end  reduce using rule 6 (hourly_spec)

